<?xml version="1.0" encoding="UTF-8"?>
<!-- Generated by org.testng.reporters.JUnitReportReporter -->
<testsuite hostname="AkhiKrish" failures="0" tests="1" name="driverFactory.AppTest" time="74.127" errors="0" timestamp="2023-12-05T17:23:29 CET" skipped="0">
  <testcase classname="driverFactory.AppTest" name="startTest" time="74.127">
    <system-out>
      <![CDATA[No of Rows::12
Login Success::dashboard   http://webapp.qedgetech.com/dashboard.php
Incorrect user ID or password  dashboard   http://webapp.qedgetech.com/login.php
Login Success::dashboard   http://webapp.qedgetech.com/dashboard.php
Incorrect user ID or password  dashboard   http://webapp.qedgetech.com/login.php
Incorrect user ID or password  dashboard   http://webapp.qedgetech.com/login.php
Login Success::dashboard   http://webapp.qedgetech.com/dashboard.php
Login Success::dashboard   http://webapp.qedgetech.com/dashboard.php
Login Success::dashboard   http://webapp.qedgetech.com/dashboard.php
Login Success::dashboard   http://webapp.qedgetech.com/dashboard.php
Incorrect user ID or password  dashboard   http://webapp.qedgetech.com/login.php
Incorrect user ID or password  dashboard   http://webapp.qedgetech.com/login.php
Incorrect user ID or password  dashboard   http://webapp.qedgetech.com/login.php]]>
    </system-out>
  </testcase> <!-- startTest -->
  <system-out>
    <![CDATA[No of Rows::12
Login Success::dashboard   http://webapp.qedgetech.com/dashboard.php
Incorrect user ID or password  dashboard   http://webapp.qedgetech.com/login.php
Login Success::dashboard   http://webapp.qedgetech.com/dashboard.php
Incorrect user ID or password  dashboard   http://webapp.qedgetech.com/login.php
Incorrect user ID or password  dashboard   http://webapp.qedgetech.com/login.php
Login Success::dashboard   http://webapp.qedgetech.com/dashboard.php
Login Success::dashboard   http://webapp.qedgetech.com/dashboard.php
Login Success::dashboard   http://webapp.qedgetech.com/dashboard.php
Login Success::dashboard   http://webapp.qedgetech.com/dashboard.php
Incorrect user ID or password  dashboard   http://webapp.qedgetech.com/login.php
Incorrect user ID or password  dashboard   http://webapp.qedgetech.com/login.php
Incorrect user ID or password  dashboard   http://webapp.qedgetech.com/login.php]]>
  </system-out>
</testsuite> <!-- driverFactory.AppTest -->
